'Deg': 00,
'Freq':  290,
'Eccentricity': 0.54522,
'Maj. Axis': 8.1706,
'Min. Axis': 6.8493,
'Deg': 20,
'Freq':  290,
'Eccentricity': 0.46493,
'Maj. Axis': 7.1695,
'Min. Axis': 6.3475,
'Deg': 30,
'Freq':  290,
'Eccentricity': 0.61508,
'Maj. Axis': 9.3083,
'Min. Axis': 7.3393,
'Deg': 40,
'Freq':  290,
'Eccentricity': 0.84654,
'Maj. Axis': 13.2434,
'Min. Axis': 7.0497,
'Deg': 45,
'Freq':  290,
'Eccentricity': 0.82562,
'Maj. Axis': 13.4781,
'Min. Axis': 7.6047,
'Deg': 50,
'Freq':  290,
'Eccentricity': 0.91121,
'Maj. Axis': 18.0258,
'Min. Axis': 7.4255,
